Jan 22, 2024 6:18:58 AM org.apache.catalina.core.ApplicationContext log
INFO: HTMLManager: init: Associated with Deployer 'Catalina:type=Deployer,host=localhost'
Jan 22, 2024 6:18:58 AM org.apache.catalina.core.ApplicationContext log
INFO: HTMLManager: init: Global resources are available
Jan 22, 2024 6:18:58 AM org.apache.catalina.core.ApplicationContext log
INFO: HTMLManager: list: Listing contexts for virtual host 'localhost'
Jan 22, 2024 6:19:40 AM org.apache.catalina.core.ApplicationContext log
INFO: HTMLManager: list: Listing contexts for virtual host 'localhost'
Jan 22, 2024 6:19:50 AM org.apache.catalina.core.ApplicationContext log
INFO: HTMLManager: list: Listing contexts for virtual host 'localhost'
Jan 22, 2024 6:19:59 AM org.apache.catalina.core.ApplicationContext log
INFO: HTMLManager: list: Listing contexts for virtual host 'localhost'
Jan 22, 2024 6:20:00 AM org.apache.catalina.core.ApplicationContext log
INFO: HTMLManager: list: Listing contexts for virtual host 'localhost'
Jan 22, 2024 6:20:01 AM org.apache.catalina.core.ApplicationContext log
INFO: HTMLManager: list: Listing contexts for virtual host 'localhost'
Jan 22, 2024 6:43:19 AM org.apache.catalina.core.ApplicationContext log
INFO: HTMLManager: init: Associated with Deployer 'Catalina:type=Deployer,host=localhost'
Jan 22, 2024 6:43:19 AM org.apache.catalina.core.ApplicationContext log
INFO: HTMLManager: init: Global resources are available
Jan 22, 2024 6:43:19 AM org.apache.catalina.core.ApplicationContext log
INFO: HTMLManager: list: Listing contexts for virtual host 'localhost'
Jan 22, 2024 6:43:27 AM org.apache.catalina.core.ApplicationContext log
INFO: HTMLManager: list: Listing contexts for virtual host 'localhost'
Jan 22, 2024 6:43:37 AM org.apache.catalina.core.ApplicationContext log
INFO: HTMLManager: list: Listing contexts for virtual host 'localhost'
Jan 22, 2024 6:43:41 AM org.apache.catalina.core.ApplicationContext log
INFO: HTMLManager: list: Listing contexts for virtual host 'localhost'
Jan 22, 2024 6:44:19 AM org.apache.catalina.core.ApplicationContext log
INFO: HTMLManager: list: Listing contexts for virtual host 'localhost'
Jan 22, 2024 6:44:20 AM org.apache.catalina.core.ApplicationContext log
INFO: HTMLManager: list: Listing contexts for virtual host 'localhost'
Jan 22, 2024 6:44:22 AM org.apache.catalina.core.ApplicationContext log
INFO: HTMLManager: list: Listing contexts for virtual host 'localhost'
Jan 22, 2024 6:44:23 AM org.apache.catalina.core.ApplicationContext log
INFO: HTMLManager: list: Listing contexts for virtual host 'localhost'
Jan 22, 2024 6:48:37 AM org.apache.catalina.core.ApplicationContext log
INFO: HTMLManager: init: Associated with Deployer 'Catalina:type=Deployer,host=localhost'
Jan 22, 2024 6:48:37 AM org.apache.catalina.core.ApplicationContext log
INFO: HTMLManager: init: Global resources are available
Jan 22, 2024 6:48:37 AM org.apache.catalina.core.ApplicationContext log
INFO: HTMLManager: list: Listing contexts for virtual host 'localhost'
Jan 22, 2024 6:48:40 AM org.apache.catalina.core.ApplicationContext log
INFO: HTMLManager: list: Listing contexts for virtual host 'localhost'
Jan 22, 2024 6:56:39 AM org.apache.catalina.core.ApplicationContext log
INFO: HTMLManager: list: Listing contexts for virtual host 'localhost'
Jan 22, 2024 6:57:22 AM org.apache.catalina.core.ApplicationContext log
INFO: HTMLManager: list: Listing contexts for virtual host 'localhost'
Jan 22, 2024 6:57:41 AM org.apache.catalina.core.ApplicationContext log
INFO: HTMLManager: list: Listing contexts for virtual host 'localhost'
Jan 22, 2024 6:57:43 AM org.apache.catalina.core.ApplicationContext log
INFO: HTMLManager: list: Listing contexts for virtual host 'localhost'
Jan 22, 2024 7:17:39 AM org.apache.catalina.core.ApplicationContext log
INFO: HTMLManager: list: Listing contexts for virtual host 'localhost'
Jan 22, 2024 7:17:43 AM org.apache.catalina.core.ApplicationContext log
INFO: HTMLManager: list: Listing contexts for virtual host 'localhost'
Jan 22, 2024 7:17:46 AM org.apache.catalina.core.ApplicationContext log
INFO: HTMLManager: list: Listing contexts for virtual host 'localhost'
Jan 22, 2024 7:17:48 AM org.apache.catalina.core.ApplicationContext log
INFO: HTMLManager: list: Listing contexts for virtual host 'localhost'
Jan 22, 2024 7:38:49 AM org.apache.catalina.core.ApplicationContext log
INFO: HTMLManager: undeploy: Undeploying web application at '/sample.webapp'
Jan 22, 2024 7:38:50 AM org.apache.catalina.core.ApplicationContext log
INFO: HTMLManager: list: Listing contexts for virtual host 'localhost'
Jan 22, 2024 7:41:19 AM org.apache.catalina.core.ApplicationContext log
INFO: Manager: init: Associated with Deployer 'Catalina:type=Deployer,host=localhost'
Jan 22, 2024 7:41:19 AM org.apache.catalina.core.ApplicationContext log
INFO: Manager: init: Global resources are available
Jan 22, 2024 7:41:19 AM org.apache.catalina.core.ApplicationContext log
INFO: Manager: deploy: Deploying web application '/WebApps'
Jan 22, 2024 7:41:19 AM org.apache.catalina.core.ApplicationContext log
INFO: Manager: Uploading WAR file to /home/ec2-user/sample.webapp/apache-tomcat-7.0.105/webapps/WebApps.war
Jan 22, 2024 7:41:36 AM org.apache.catalina.core.ApplicationContext log
INFO: HTMLManager: init: Associated with Deployer 'Catalina:type=Deployer,host=localhost'
Jan 22, 2024 7:41:36 AM org.apache.catalina.core.ApplicationContext log
INFO: HTMLManager: init: Global resources are available
Jan 22, 2024 7:41:36 AM org.apache.catalina.core.ApplicationContext log
INFO: HTMLManager: undeploy: Undeploying web application at '/sample.webapp'
Jan 22, 2024 7:41:36 AM org.apache.catalina.core.ApplicationContext log
INFO: HTMLManager: list: Listing contexts for virtual host 'localhost'
